{"C:\\Users\\Admin\\Дадонкин Влад\\Нетология\\ajs-homework\\methods\\src\\bowerman.js": {"path":"C:\\Users\\Admin\\Дадонкин Влад\\Нетология\\ajs-homework\\methods\\src\\bowerman.js","statementMap":{"0":{"start":{"line":5,"column":8},"end":{"line":5,"column":30}},"1":{"start":{"line":6,"column":8},"end":{"line":6,"column":25}},"2":{"start":{"line":7,"column":8},"end":{"line":7,"column":26}}},"fnMap":{"0":{"name":"(anonymous_0)","decl":{"start":{"line":4,"column":4},"end":{"line":4,"column":5}},"loc":{"start":{"line":4,"column":22},"end":{"line":8,"column":5}},"line":4}},"branchMap":{},"s":{"0":1,"1":1,"2":1},"f":{"0":1},"b":{},"_coverageSchema":"1a1c01bbd47fc00a2c39e90264f33305004495a9","hash":"f0aceef9f44bcfcb0876bd99a68ff9734c1d1869"}
,"C:\\Users\\Admin\\Дадонкин Влад\\Нетология\\ajs-homework\\methods\\src\\character.js": {"path":"C:\\Users\\Admin\\Дадонкин Влад\\Нетология\\ajs-homework\\methods\\src\\character.js","statementMap":{"0":{"start":{"line":3,"column":27},"end":{"line":3,"column":92}},"1":{"start":{"line":5,"column":8},"end":{"line":7,"column":9}},"2":{"start":{"line":6,"column":12},"end":{"line":6,"column":76}},"3":{"start":{"line":8,"column":8},"end":{"line":10,"column":9}},"4":{"start":{"line":9,"column":12},"end":{"line":9,"column":72}},"5":{"start":{"line":14,"column":8},"end":{"line":14,"column":25}},"6":{"start":{"line":15,"column":8},"end":{"line":15,"column":25}},"7":{"start":{"line":16,"column":8},"end":{"line":16,"column":23}},"8":{"start":{"line":17,"column":8},"end":{"line":17,"column":26}},"9":{"start":{"line":18,"column":8},"end":{"line":18,"column":24}},"10":{"start":{"line":19,"column":8},"end":{"line":19,"column":25}},"11":{"start":{"line":24,"column":8},"end":{"line":26,"column":9}},"12":{"start":{"line":25,"column":12},"end":{"line":25,"column":62}},"13":{"start":{"line":27,"column":12},"end":{"line":27,"column":25}},"14":{"start":{"line":28,"column":12},"end":{"line":28,"column":31}},"15":{"start":{"line":29,"column":12},"end":{"line":29,"column":32}},"16":{"start":{"line":30,"column":12},"end":{"line":30,"column":30}},"17":{"start":{"line":35,"column":8},"end":{"line":37,"column":9}},"18":{"start":{"line":36,"column":12},"end":{"line":36,"column":61}},"19":{"start":{"line":38,"column":8},"end":{"line":40,"column":9}},"20":{"start":{"line":39,"column":12},"end":{"line":39,"column":28}}},"fnMap":{"0":{"name":"(anonymous_0)","decl":{"start":{"line":2,"column":4},"end":{"line":2,"column":5}},"loc":{"start":{"line":2,"column":28},"end":{"line":20,"column":5}},"line":2},"1":{"name":"(anonymous_1)","decl":{"start":{"line":22,"column":4},"end":{"line":22,"column":5}},"loc":{"start":{"line":22,"column":14},"end":{"line":31,"column":5}},"line":22},"2":{"name":"(anonymous_2)","decl":{"start":{"line":33,"column":4},"end":{"line":33,"column":5}},"loc":{"start":{"line":33,"column":19},"end":{"line":41,"column":5}},"line":33}},"branchMap":{"0":{"loc":{"start":{"line":5,"column":8},"end":{"line":7,"column":9}},"type":"if","locations":[{"start":{"line":5,"column":8},"end":{"line":7,"column":9}},{"start":{},"end":{}}],"line":5},"1":{"loc":{"start":{"line":5,"column":12},"end":{"line":5,"column":75}},"type":"binary-expr","locations":[{"start":{"line":5,"column":12},"end":{"line":5,"column":36}},{"start":{"line":5,"column":40},"end":{"line":5,"column":55}},{"start":{"line":5,"column":59},"end":{"line":5,"column":75}}],"line":5},"2":{"loc":{"start":{"line":8,"column":8},"end":{"line":10,"column":9}},"type":"if","locations":[{"start":{"line":8,"column":8},"end":{"line":10,"column":9}},{"start":{},"end":{}}],"line":8},"3":{"loc":{"start":{"line":24,"column":8},"end":{"line":26,"column":9}},"type":"if","locations":[{"start":{"line":24,"column":8},"end":{"line":26,"column":9}},{"start":{},"end":{}}],"line":24},"4":{"loc":{"start":{"line":35,"column":8},"end":{"line":37,"column":9}},"type":"if","locations":[{"start":{"line":35,"column":8},"end":{"line":37,"column":9}},{"start":{},"end":{}}],"line":35},"5":{"loc":{"start":{"line":38,"column":8},"end":{"line":40,"column":9}},"type":"if","locations":[{"start":{"line":38,"column":8},"end":{"line":40,"column":9}},{"start":{},"end":{}}],"line":38}},"s":{"0":17,"1":17,"2":2,"3":15,"4":1,"5":14,"6":14,"7":14,"8":14,"9":14,"10":14,"11":2,"12":1,"13":1,"14":1,"15":1,"16":1,"17":4,"18":4,"19":4,"20":3},"f":{"0":17,"1":2,"2":4},"b":{"0":[2,15],"1":[17,17,16],"2":[1,14],"3":[1,1],"4":[4,0],"5":[3,1]},"_coverageSchema":"1a1c01bbd47fc00a2c39e90264f33305004495a9","hash":"5120a19103c7aa4f5ef774804d57ada02751f670"}
,"C:\\Users\\Admin\\Дадонкин Влад\\Нетология\\ajs-homework\\methods\\src\\daemon.js": {"path":"C:\\Users\\Admin\\Дадонкин Влад\\Нетология\\ajs-homework\\methods\\src\\daemon.js","statementMap":{"0":{"start":{"line":5,"column":8},"end":{"line":5,"column":30}},"1":{"start":{"line":6,"column":8},"end":{"line":6,"column":25}},"2":{"start":{"line":7,"column":8},"end":{"line":7,"column":26}}},"fnMap":{"0":{"name":"(anonymous_0)","decl":{"start":{"line":4,"column":4},"end":{"line":4,"column":5}},"loc":{"start":{"line":4,"column":22},"end":{"line":8,"column":5}},"line":4}},"branchMap":{},"s":{"0":1,"1":1,"2":1},"f":{"0":1},"b":{},"_coverageSchema":"1a1c01bbd47fc00a2c39e90264f33305004495a9","hash":"03a3b1c0ddaa9f4470278fd25a89163b606df92e"}
,"C:\\Users\\Admin\\Дадонкин Влад\\Нетология\\ajs-homework\\methods\\src\\magician.js": {"path":"C:\\Users\\Admin\\Дадонкин Влад\\Нетология\\ajs-homework\\methods\\src\\magician.js","statementMap":{"0":{"start":{"line":5,"column":8},"end":{"line":5,"column":32}},"1":{"start":{"line":6,"column":8},"end":{"line":6,"column":25}},"2":{"start":{"line":7,"column":8},"end":{"line":7,"column":26}}},"fnMap":{"0":{"name":"(anonymous_0)","decl":{"start":{"line":4,"column":4},"end":{"line":4,"column":5}},"loc":{"start":{"line":4,"column":22},"end":{"line":8,"column":5}},"line":4}},"branchMap":{},"s":{"0":1,"1":1,"2":1},"f":{"0":1},"b":{},"_coverageSchema":"1a1c01bbd47fc00a2c39e90264f33305004495a9","hash":"5de3064b6fc8a343eebf435a12b79f138427c9bc"}
,"C:\\Users\\Admin\\Дадонкин Влад\\Нетология\\ajs-homework\\methods\\src\\swordsman.js": {"path":"C:\\Users\\Admin\\Дадонкин Влад\\Нетология\\ajs-homework\\methods\\src\\swordsman.js","statementMap":{"0":{"start":{"line":5,"column":8},"end":{"line":5,"column":33}},"1":{"start":{"line":6,"column":8},"end":{"line":6,"column":25}},"2":{"start":{"line":7,"column":8},"end":{"line":7,"column":26}}},"fnMap":{"0":{"name":"(anonymous_0)","decl":{"start":{"line":4,"column":4},"end":{"line":4,"column":5}},"loc":{"start":{"line":4,"column":22},"end":{"line":8,"column":5}},"line":4}},"branchMap":{},"s":{"0":1,"1":1,"2":1},"f":{"0":1},"b":{},"_coverageSchema":"1a1c01bbd47fc00a2c39e90264f33305004495a9","hash":"d956b91090397fb3f121df202796670f59b726f8"}
,"C:\\Users\\Admin\\Дадонкин Влад\\Нетология\\ajs-homework\\methods\\src\\undead.js": {"path":"C:\\Users\\Admin\\Дадонкин Влад\\Нетология\\ajs-homework\\methods\\src\\undead.js","statementMap":{"0":{"start":{"line":5,"column":8},"end":{"line":5,"column":30}},"1":{"start":{"line":6,"column":8},"end":{"line":6,"column":25}},"2":{"start":{"line":7,"column":8},"end":{"line":7,"column":26}}},"fnMap":{"0":{"name":"(anonymous_0)","decl":{"start":{"line":4,"column":4},"end":{"line":4,"column":5}},"loc":{"start":{"line":4,"column":22},"end":{"line":8,"column":5}},"line":4}},"branchMap":{},"s":{"0":1,"1":1,"2":1},"f":{"0":1},"b":{},"_coverageSchema":"1a1c01bbd47fc00a2c39e90264f33305004495a9","hash":"a2020fe66905b4cc98225f3e4ac12ae632a0d515"}
,"C:\\Users\\Admin\\Дадонкин Влад\\Нетология\\ajs-homework\\methods\\src\\zombie.js": {"path":"C:\\Users\\Admin\\Дадонкин Влад\\Нетология\\ajs-homework\\methods\\src\\zombie.js","statementMap":{"0":{"start":{"line":5,"column":8},"end":{"line":5,"column":30}},"1":{"start":{"line":6,"column":8},"end":{"line":6,"column":25}},"2":{"start":{"line":7,"column":8},"end":{"line":7,"column":26}}},"fnMap":{"0":{"name":"(anonymous_0)","decl":{"start":{"line":4,"column":4},"end":{"line":4,"column":5}},"loc":{"start":{"line":4,"column":22},"end":{"line":8,"column":5}},"line":4}},"branchMap":{},"s":{"0":1,"1":1,"2":1},"f":{"0":1},"b":{},"_coverageSchema":"1a1c01bbd47fc00a2c39e90264f33305004495a9","hash":"2da4c530f4ddea840f0b795707fb81d817e84f09"}
}
