{"C:\\Users\\Admin\\Дадонкин Влад\\Нетология\\ajs-homework\\classes_inheritance\\src\\bowerman.js": {"path":"C:\\Users\\Admin\\Дадонкин Влад\\Нетология\\ajs-homework\\classes_inheritance\\src\\bowerman.js","statementMap":{"0":{"start":{"line":5,"column":8},"end":{"line":5,"column":30}},"1":{"start":{"line":6,"column":8},"end":{"line":6,"column":25}},"2":{"start":{"line":7,"column":8},"end":{"line":7,"column":26}}},"fnMap":{"0":{"name":"(anonymous_0)","decl":{"start":{"line":4,"column":4},"end":{"line":4,"column":5}},"loc":{"start":{"line":4,"column":22},"end":{"line":8,"column":5}},"line":4}},"branchMap":{},"s":{"0":1,"1":1,"2":1},"f":{"0":1},"b":{},"_coverageSchema":"1a1c01bbd47fc00a2c39e90264f33305004495a9","hash":"6e2ae3da063e4e4dc68aff45d746b586ad488491"}
,"C:\\Users\\Admin\\Дадонкин Влад\\Нетология\\ajs-homework\\classes_inheritance\\src\\character.js": {"path":"C:\\Users\\Admin\\Дадонкин Влад\\Нетология\\ajs-homework\\classes_inheritance\\src\\character.js","statementMap":{"0":{"start":{"line":3,"column":27},"end":{"line":3,"column":92}},"1":{"start":{"line":5,"column":8},"end":{"line":7,"column":9}},"2":{"start":{"line":6,"column":12},"end":{"line":6,"column":76}},"3":{"start":{"line":8,"column":8},"end":{"line":10,"column":9}},"4":{"start":{"line":9,"column":12},"end":{"line":9,"column":72}},"5":{"start":{"line":14,"column":8},"end":{"line":14,"column":25}},"6":{"start":{"line":15,"column":8},"end":{"line":15,"column":25}},"7":{"start":{"line":16,"column":8},"end":{"line":16,"column":23}},"8":{"start":{"line":17,"column":8},"end":{"line":17,"column":26}}},"fnMap":{"0":{"name":"(anonymous_0)","decl":{"start":{"line":2,"column":4},"end":{"line":2,"column":5}},"loc":{"start":{"line":2,"column":28},"end":{"line":18,"column":5}},"line":2}},"branchMap":{"0":{"loc":{"start":{"line":5,"column":8},"end":{"line":7,"column":9}},"type":"if","locations":[{"start":{"line":5,"column":8},"end":{"line":7,"column":9}},{"start":{},"end":{}}],"line":5},"1":{"loc":{"start":{"line":5,"column":12},"end":{"line":5,"column":75}},"type":"binary-expr","locations":[{"start":{"line":5,"column":12},"end":{"line":5,"column":36}},{"start":{"line":5,"column":40},"end":{"line":5,"column":55}},{"start":{"line":5,"column":59},"end":{"line":5,"column":75}}],"line":5},"2":{"loc":{"start":{"line":8,"column":8},"end":{"line":10,"column":9}},"type":"if","locations":[{"start":{"line":8,"column":8},"end":{"line":10,"column":9}},{"start":{},"end":{}}],"line":8}},"s":{"0":10,"1":10,"2":2,"3":8,"4":1,"5":7,"6":7,"7":7,"8":7},"f":{"0":10},"b":{"0":[2,8],"1":[10,10,9],"2":[1,7]},"_coverageSchema":"1a1c01bbd47fc00a2c39e90264f33305004495a9","hash":"5c468d6bc5d2c23bb5b1fe6028b1eef83849902f"}
,"C:\\Users\\Admin\\Дадонкин Влад\\Нетология\\ajs-homework\\classes_inheritance\\src\\daemon.js": {"path":"C:\\Users\\Admin\\Дадонкин Влад\\Нетология\\ajs-homework\\classes_inheritance\\src\\daemon.js","statementMap":{"0":{"start":{"line":5,"column":8},"end":{"line":5,"column":30}},"1":{"start":{"line":6,"column":8},"end":{"line":6,"column":25}},"2":{"start":{"line":7,"column":8},"end":{"line":7,"column":26}}},"fnMap":{"0":{"name":"(anonymous_0)","decl":{"start":{"line":4,"column":4},"end":{"line":4,"column":5}},"loc":{"start":{"line":4,"column":22},"end":{"line":8,"column":5}},"line":4}},"branchMap":{},"s":{"0":1,"1":1,"2":1},"f":{"0":1},"b":{},"_coverageSchema":"1a1c01bbd47fc00a2c39e90264f33305004495a9","hash":"75940e1ce6bd9e12564948c747fee99bf9b6a3c5"}
,"C:\\Users\\Admin\\Дадонкин Влад\\Нетология\\ajs-homework\\classes_inheritance\\src\\magician.js": {"path":"C:\\Users\\Admin\\Дадонкин Влад\\Нетология\\ajs-homework\\classes_inheritance\\src\\magician.js","statementMap":{"0":{"start":{"line":5,"column":8},"end":{"line":5,"column":32}},"1":{"start":{"line":6,"column":8},"end":{"line":6,"column":25}},"2":{"start":{"line":7,"column":8},"end":{"line":7,"column":26}}},"fnMap":{"0":{"name":"(anonymous_0)","decl":{"start":{"line":4,"column":4},"end":{"line":4,"column":5}},"loc":{"start":{"line":4,"column":22},"end":{"line":8,"column":5}},"line":4}},"branchMap":{},"s":{"0":1,"1":1,"2":1},"f":{"0":1},"b":{},"_coverageSchema":"1a1c01bbd47fc00a2c39e90264f33305004495a9","hash":"f9702f1565a2ea52ce62488fd427d0b8cec616e4"}
,"C:\\Users\\Admin\\Дадонкин Влад\\Нетология\\ajs-homework\\classes_inheritance\\src\\swordsman.js": {"path":"C:\\Users\\Admin\\Дадонкин Влад\\Нетология\\ajs-homework\\classes_inheritance\\src\\swordsman.js","statementMap":{"0":{"start":{"line":5,"column":8},"end":{"line":5,"column":33}},"1":{"start":{"line":6,"column":8},"end":{"line":6,"column":25}},"2":{"start":{"line":7,"column":8},"end":{"line":7,"column":26}}},"fnMap":{"0":{"name":"(anonymous_0)","decl":{"start":{"line":4,"column":4},"end":{"line":4,"column":5}},"loc":{"start":{"line":4,"column":22},"end":{"line":8,"column":5}},"line":4}},"branchMap":{},"s":{"0":1,"1":1,"2":1},"f":{"0":1},"b":{},"_coverageSchema":"1a1c01bbd47fc00a2c39e90264f33305004495a9","hash":"e2b47ea7e3076016d53b587a97cdb5000c6a582b"}
,"C:\\Users\\Admin\\Дадонкин Влад\\Нетология\\ajs-homework\\classes_inheritance\\src\\undead.js": {"path":"C:\\Users\\Admin\\Дадонкин Влад\\Нетология\\ajs-homework\\classes_inheritance\\src\\undead.js","statementMap":{"0":{"start":{"line":5,"column":8},"end":{"line":5,"column":30}},"1":{"start":{"line":6,"column":8},"end":{"line":6,"column":25}},"2":{"start":{"line":7,"column":8},"end":{"line":7,"column":26}}},"fnMap":{"0":{"name":"(anonymous_0)","decl":{"start":{"line":4,"column":4},"end":{"line":4,"column":5}},"loc":{"start":{"line":4,"column":22},"end":{"line":8,"column":5}},"line":4}},"branchMap":{},"s":{"0":1,"1":1,"2":1},"f":{"0":1},"b":{},"_coverageSchema":"1a1c01bbd47fc00a2c39e90264f33305004495a9","hash":"997619104e86ce39a474880470975c2bf032e0a0"}
,"C:\\Users\\Admin\\Дадонкин Влад\\Нетология\\ajs-homework\\classes_inheritance\\src\\zombie.js": {"path":"C:\\Users\\Admin\\Дадонкин Влад\\Нетология\\ajs-homework\\classes_inheritance\\src\\zombie.js","statementMap":{"0":{"start":{"line":5,"column":8},"end":{"line":5,"column":30}},"1":{"start":{"line":6,"column":8},"end":{"line":6,"column":25}},"2":{"start":{"line":7,"column":8},"end":{"line":7,"column":26}}},"fnMap":{"0":{"name":"(anonymous_0)","decl":{"start":{"line":4,"column":4},"end":{"line":4,"column":5}},"loc":{"start":{"line":4,"column":22},"end":{"line":8,"column":5}},"line":4}},"branchMap":{},"s":{"0":1,"1":1,"2":1},"f":{"0":1},"b":{},"_coverageSchema":"1a1c01bbd47fc00a2c39e90264f33305004495a9","hash":"3a1fa5ea54b45fb899469c7ee328bee0a664bdf6"}
}
